TN:
SF:src\apis\user.ts
FN:9,getUserRole
FNF:1
FNH:1
FNDA:2,getUserRole
DA:1,1
DA:2,1
DA:3,1
DA:4,1
DA:5,1
DA:6,1
DA:7,1
DA:8,1
DA:9,1
DA:10,2
DA:11,2
LF:11
LH:11
BRDA:9,0,0,2
BRF:1
BRH:1
end_of_record
TN:
SF:src\components\AuthButton\index.tsx
FN:14,AuthButton
FN:18,getLoginState
FNF:2
FNH:2
FNDA:4,AuthButton
FNDA:2,getLoginState
DA:1,1
DA:2,1
DA:3,1
DA:4,1
DA:5,1
DA:6,1
DA:7,1
DA:8,1
DA:9,1
DA:10,1
DA:11,1
DA:12,1
DA:13,1
DA:14,1
DA:15,4
DA:16,4
DA:17,4
DA:18,4
DA:19,2
DA:20,2
DA:21,4
DA:22,4
DA:23,4
DA:24,2
DA:25,0
DA:26,2
DA:27,4
DA:28,4
DA:29,4
DA:30,4
DA:31,4
DA:32,4
DA:33,4
DA:34,4
DA:35,4
DA:36,1
DA:37,1
LF:37
LH:36
BRDA:14,0,0,4
BRDA:31,1,0,2
BRDA:18,2,0,2
BRDA:23,3,0,2
BRF:4
BRH:4
end_of_record
TN:
SF:tests\mockServer\handler.ts
FNF:0
FNH:0
DA:1,1
DA:2,1
DA:3,1
DA:4,1
DA:5,0
DA:6,0
DA:7,0
DA:8,0
DA:9,0
DA:10,0
DA:11,1
DA:12,1
DA:13,1
DA:14,1
LF:14
LH:8
BRF:0
BRH:0
end_of_record
TN:
SF:tests\mockServer\server.ts
FNF:0
FNH:0
DA:1,1
DA:2,1
DA:3,1
DA:4,1
DA:5,1
DA:6,1
LF:6
LH:6
BRF:0
BRH:0
end_of_record
